{"abbrev":"1.0.9"},
{"accepts":"1.3.5"},
{"acorn":"5.7.3"},
{"acorn-jsx":"5.0.1"},
{"add-asset-html-webpack-plugin":"2.1.3"},
{"add-dom-event-listener":"1.1.0"},
{"address":"1.0.3"},
{"agent-base":"4.2.1"},
{"ajv":"4.11.8"},
{"align-text":"0.1.4"},
{"alphanum-sort":"1.0.2"},
{"amdefine":"1.0.1"},
{"ansi-escapes":"3.2.0"},
{"ansi-html":"0.0.5"},
{"ansi-regex":"3.0.0"},
{"ansi-styles":"3.2.1"},
{"ansi-to-html":"0.6.11"},
{"ant-design-palettes":"1.1.3"},
{"antd":"3.13.6"},
{"any-observable":"0.3.0"},
{"any-promise":"1.3.0"},
{"anymatch":"1.3.2"},
{"apollo":"0.9.0"},
{"apollo-build":"0.7.5"},
{"aproba":"1.2.0"},
{"argparse":"1.0.10"},
{"arr-diff":"4.0.0"},
{"arr-flatten":"1.1.0"},
{"arr-union":"3.1.0"},
{"array-find-index":"1.0.2"},
{"array-flatten":"1.1.1"},
{"array-includes":"3.0.3"},
{"array-tree-filter":"2.1.0"},
{"array-union":"1.0.2"},
{"array-uniq":"1.0.3"},
{"array-unique":"0.3.2"},
{"arrify":"1.0.1"},
{"asap":"2.0.6"},
{"asn1":"0.2.4"},
{"assert":"1.4.1"},
{"assert-plus":"0.2.0"},
{"assign-symbols":"1.0.0"},
{"ast-types":"0.9.6"},
{"astral-regex":"1.0.0"},
{"async":"2.6.2"},
{"async-each":"1.0.1"},
{"async-validator":"1.8.5"},
{"asynckit":"0.4.0"},
{"atob":"2.1.2"},
{"atool-monitor":"0.4.7"},
{"autoprefixer":"6.7.7"},
{"awesome-typescript-loader":"3.5.0"},
{"aws-sign2":"0.6.0"},
{"aws4":"1.8.0"},
{"babel-code-frame":"6.26.0"},
{"babel-core":"6.26.3"},
{"babel-eslint":"10.0.2"},
{"babel-generator":"6.26.1"},
{"babel-helper-bindify-decorators":"6.24.1"},
{"babel-helper-builder-binary-assignment-operator-visitor":"6.24.1"},
{"babel-helper-builder-react-jsx":"6.26.0"},
{"babel-helper-call-delegate":"6.24.1"},
{"babel-helper-define-map":"6.26.0"},
{"babel-helper-explode-assignable-expression":"6.24.1"},
{"babel-helper-explode-class":"6.24.1"},
{"babel-helper-function-name":"6.24.1"},
{"babel-helper-get-function-arity":"6.24.1"},
{"babel-helper-hoist-variables":"6.24.1"},
{"babel-helper-optimise-call-expression":"6.24.1"},
{"babel-helper-regex":"6.26.0"},
{"babel-helper-remap-async-to-generator":"6.24.1"},
{"babel-helper-replace-supers":"6.24.1"},
{"babel-helpers":"6.24.1"},
{"babel-loader":"6.4.1"},
{"babel-messages":"6.23.0"},
{"babel-plugin-add-module-exports":"0.2.1"},
{"babel-plugin-check-es2015-constants":"6.22.0"},
{"babel-plugin-import":"1.11.0"},
{"babel-plugin-react-require":"3.1.1"},
{"babel-plugin-syntax-async-functions":"6.13.0"},
{"babel-plugin-syntax-async-generators":"6.13.0"},
{"babel-plugin-syntax-class-constructor-call":"6.18.0"},
{"babel-plugin-syntax-class-properties":"6.13.0"},
{"babel-plugin-syntax-decorators":"6.13.0"},
{"babel-plugin-syntax-do-expressions":"6.13.0"},
{"babel-plugin-syntax-dynamic-import":"6.18.0"},
{"babel-plugin-syntax-exponentiation-operator":"6.13.0"},
{"babel-plugin-syntax-export-extensions":"6.13.0"},
{"babel-plugin-syntax-flow":"6.18.0"},
{"babel-plugin-syntax-function-bind":"6.13.0"},
{"babel-plugin-syntax-jsx":"6.18.0"},
{"babel-plugin-syntax-object-rest-spread":"6.13.0"},
{"babel-plugin-syntax-trailing-function-commas":"6.22.0"},
{"babel-plugin-transform-async-generator-functions":"6.24.1"},
{"babel-plugin-transform-async-to-generator":"6.24.1"},
{"babel-plugin-transform-class-constructor-call":"6.24.1"},
{"babel-plugin-transform-class-properties":"6.24.1"},
{"babel-plugin-transform-decorators":"6.24.1"},
{"babel-plugin-transform-do-expressions":"6.22.0"},
{"babel-plugin-transform-es2015-arrow-functions":"6.22.0"},
{"babel-plugin-transform-es2015-block-scoped-functions":"6.22.0"},
{"babel-plugin-transform-es2015-block-scoping":"6.26.0"},
{"babel-plugin-transform-es2015-classes":"6.24.1"},
{"babel-plugin-transform-es2015-computed-properties":"6.24.1"},
{"babel-plugin-transform-es2015-destructuring":"6.23.0"},
{"babel-plugin-transform-es2015-duplicate-keys":"6.24.1"},
{"babel-plugin-transform-es2015-for-of":"6.23.0"},
{"babel-plugin-transform-es2015-function-name":"6.24.1"},
{"babel-plugin-transform-es2015-literals":"6.22.0"},
{"babel-plugin-transform-es2015-modules-amd":"6.24.1"},
{"babel-plugin-transform-es2015-modules-commonjs":"6.26.2"},
{"babel-plugin-transform-es2015-modules-systemjs":"6.24.1"},
{"babel-plugin-transform-es2015-modules-umd":"6.24.1"},
{"babel-plugin-transform-es2015-object-super":"6.24.1"},
{"babel-plugin-transform-es2015-parameters":"6.24.1"},
{"babel-plugin-transform-es2015-shorthand-properties":"6.24.1"},
{"babel-plugin-transform-es2015-spread":"6.22.0"},
{"babel-plugin-transform-es2015-sticky-regex":"6.24.1"},
{"babel-plugin-transform-es2015-template-literals":"6.22.0"},
{"babel-plugin-transform-es2015-typeof-symbol":"6.23.0"},
{"babel-plugin-transform-es2015-unicode-regex":"6.24.1"},
{"babel-plugin-transform-exponentiation-operator":"6.24.1"},
{"babel-plugin-transform-export-extensions":"6.22.0"},
{"babel-plugin-transform-flow-strip-types":"6.22.0"},
{"babel-plugin-transform-function-bind":"6.22.0"},
{"babel-plugin-transform-object-assign":"6.22.0"},
{"babel-plugin-transform-object-rest-spread":"6.26.0"},
{"babel-plugin-transform-proto-to-assign":"6.26.0"},
{"babel-plugin-transform-react-display-name":"6.25.0"},
{"babel-plugin-transform-react-jsx":"6.24.1"},
{"babel-plugin-transform-react-jsx-self":"6.22.0"},
{"babel-plugin-transform-react-jsx-source":"6.22.0"},
{"babel-plugin-transform-regenerator":"6.26.0"},
{"babel-plugin-transform-runtime":"6.23.0"},
{"babel-plugin-transform-strict-mode":"6.24.1"},
{"babel-polyfill":"6.26.0"},
{"babel-preset-es2015":"6.24.1"},
{"babel-preset-es2015-ie":"6.7.0"},
{"babel-preset-flow":"6.23.0"},
{"babel-preset-react":"6.24.1"},
{"babel-preset-stage-0":"6.24.1"},
{"babel-preset-stage-1":"6.24.1"},
{"babel-preset-stage-2":"6.24.1"},
{"babel-preset-stage-3":"6.24.1"},
{"babel-register":"6.26.0"},
{"babel-runtime":"6.26.0"},
{"babel-template":"6.26.0"},
{"babel-traverse":"6.26.0"},
{"babel-types":"6.26.0"},
{"babylon":"6.18.0"},
{"bail":"1.0.3"},
{"balanced-match":"1.0.0"},
{"base":"0.11.2"},
{"base62":"1.2.8"},
{"base64-js":"1.3.0"},
{"batch":"0.6.1"},
{"bcrypt-pbkdf":"1.0.2"},
{"big.js":"5.2.2"},
{"binary-extensions":"1.13.0"},
{"bluebird":"3.5.3"},
{"body-parser":"1.18.3"},
{"boolbase":"1.0.0"},
{"boom":"2.10.1"},
{"brace-expansion":"1.1.11"},
{"braces":"2.3.2"},
{"browser-stdout":"1.3.0"},
{"browserify-aes":"0.4.0"},
{"browserify-zlib":"0.1.4"},
{"browserslist":"1.7.7"},
{"buffer":"4.9.1"},
{"buffer-from":"1.1.1"},
{"builtin-status-codes":"3.0.0"},
{"bytes":"3.0.0"},
{"cacache":"10.0.4"},
{"cache-base":"1.0.1"},
{"call-me-maybe":"1.0.1"},
{"caller-callsite":"2.0.0"},
{"caller-path":"2.0.0"},
{"callsites":"2.0.0"},
{"camel-case":"3.0.0"},
{"camelcase":"1.2.1"},
{"camelcase-keys":"4.2.0"},
{"caniuse-api":"1.6.1"},
{"caniuse-db":"1.0.30000939"},
{"caniuse-lite":"1.0.30000939"},
{"case-sensitive-paths-webpack-plugin":"1.1.4"},
{"caseless":"0.12.0"},
{"ccount":"1.0.3"},
{"center-align":"0.1.3"},
{"chalk":"2.4.2"},
{"change-case":"3.0.2"},
{"character-entities":"1.2.2"},
{"character-entities-html4":"1.1.2"},
{"character-entities-legacy":"1.1.2"},
{"character-reference-invalid":"1.1.2"},
{"chardet":"0.7.0"},
{"cheerio":"0.22.0"},
{"chokidar":"1.7.0"},
{"chownr":"1.1.1"},
{"ci-info":"2.0.0"},
{"clap":"1.2.3"},
{"class-utils":"0.3.6"},
{"classnames":"2.2.6"},
{"claygl":"1.3.0"},
{"clean-css":"4.2.1"},
{"cli-cursor":"2.1.0"},
{"cli-truncate":"0.2.1"},
{"cli-width":"2.2.0"},
{"cliui":"2.1.0"},
{"clone":"1.0.4"},
{"clone-regexp":"1.0.1"},
{"co":"4.6.0"},
{"coa":"1.0.4"},
{"code-point-at":"1.1.0"},
{"codemirror":"5.44.0"},
{"collapse-white-space":"1.0.4"},
{"collection-visit":"1.0.0"},
{"color":"0.11.4"},
{"color-convert":"1.9.3"},
{"color-name":"1.1.3"},
{"color-string":"0.3.0"},
{"colormin":"1.1.2"},
{"colors":"1.1.2"},
{"combined-stream":"1.0.7"},
{"commander":"2.19.0"},
{"commondir":"1.0.1"},
{"commoner":"0.10.8"},
{"component-classes":"1.2.6"},
{"component-emitter":"1.2.1"},
{"component-indexof":"0.0.3"},
{"compressible":"2.0.16"},
{"compression":"1.7.3"},
{"concat-map":"0.0.1"},
{"concat-stream":"1.6.2"},
{"confluence-api":"1.4.0"},
{"connect-history-api-fallback":"1.6.0"},
{"console-browserify":"1.1.0"},
{"constant-case":"2.0.0"},
{"constants-browserify":"1.0.0"},
{"content-disposition":"0.5.2"},
{"content-type":"1.0.4"},
{"convert-hex":"0.1.0"},
{"convert-source-map":"1.6.0"},
{"convert-string":"0.1.0"},
{"cookie":"0.3.1"},
{"cookie-signature":"1.0.6"},
{"cookiejar":"2.1.2"},
{"copy-concurrently":"1.0.5"},
{"copy-descriptor":"0.1.1"},
{"copy-to":"2.0.1"},
{"copy-webpack-plugin":"4.6.0"},
{"core-js":"2.6.5"},
{"core-util-is":"1.0.2"},
{"cosmiconfig":"2.2.2"},
{"create-react-class":"15.6.3"},
{"create-react-context":"0.2.2"},
{"cross-spawn":"5.1.0"},
{"cryptiles":"2.0.5"},
{"crypto-browserify":"3.3.0"},
{"crypto-js":"3.1.9-1"},
{"css-animation":"1.5.0"},
{"css-color-names":"0.0.4"},
{"css-loader":"0.27.3"},
{"css-select":"1.2.0"},
{"css-selector-tokenizer":"0.7.1"},
{"css-what":"2.1.3"},
{"cssesc":"0.1.0"},
{"cssnano":"3.10.0"},
{"csso":"2.3.2"},
{"currently-unhandled":"0.4.1"},
{"cyclist":"0.2.2"},
{"d3":"3.5.17"},
{"dashdash":"1.14.1"},
{"data-uri-to-buffer":"2.0.0"},
{"date-fns":"1.30.1"},
{"date-now":"0.1.4"},
{"debug":"2.6.9"},
{"decamelize":"1.2.0"},
{"decamelize-keys":"1.1.0"},
{"decode-uri-component":"0.2.0"},
{"dedent":"0.7.0"},
{"deep-equal":"1.0.1"},
{"deep-is":"0.1.3"},
{"default-user-agent":"1.0.0"},
{"define-properties":"1.1.3"},
{"define-property":"2.0.2"},
{"defined":"1.0.0"},
{"degenerator":"1.0.4"},
{"del":"3.0.0"},
{"delayed-stream":"1.0.0"},
{"depd":"1.1.2"},
{"destroy":"1.0.4"},
{"detect-indent":"4.0.0"},
{"detect-port":"1.3.0"},
{"detective":"4.7.1"},
{"diff":"3.2.0"},
{"digest-header":"0.0.1"},
{"dir-glob":"2.0.0"},
{"doctrine":"3.0.0"},
{"dom-align":"1.8.0"},
{"dom-closest":"0.2.0"},
{"dom-converter":"0.2.0"},
{"dom-matches":"2.0.0"},
{"dom-scroll-into-view":"1.2.1"},
{"dom-serializer":"0.1.1"},
{"domain-browser":"1.2.0"},
{"domelementtype":"1.3.1"},
{"domhandler":"2.4.2"},
{"domutils":"1.5.1"},
{"dot-case":"2.1.1"},
{"dot-prop":"4.2.0"},
{"draft-js":"0.10.5"},
{"duplexer":"0.1.1"},
{"duplexify":"3.7.1"},
{"ecc-jsbn":"0.1.2"},
{"echarts":"4.2.1"},
{"echarts-for-react":"2.0.14"},
{"echarts-gl":"1.1.1"},
{"ee-first":"1.1.1"},
{"electron-to-chromium":"1.3.113"},
{"elegant-spinner":"1.0.1"},
{"emoji-regex":"7.0.3"},
{"emojis-list":"2.1.0"},
{"encodeurl":"1.0.2"},
{"encoding":"0.1.12"},
{"end-of-stream":"1.4.1"},
{"enhanced-resolve":"3.3.0"},
{"enquire.js":"2.1.6"},
{"entities":"1.1.2"},
{"envify":"3.4.1"},
{"errno":"0.1.7"},
{"error-ex":"1.3.2"},
{"es-abstract":"1.13.0"},
{"es-to-primitive":"1.2.0"},
{"es3ify":"0.2.2"},
{"es3ify-loader":"0.2.0"},
{"es6-promise":"4.2.6"},
{"es6-promisify":"5.0.0"},
{"es6-templates":"0.2.3"},
{"escape-html":"1.0.3"},
{"escape-string-regexp":"1.0.5"},
{"escodegen":"1.11.1"},
{"eslint":"5.16.0"},
{"eslint-config-standard-jsx":"6.0.2"},
{"eslint-plugin-react":"7.13.0"},
{"eslint-scope":"3.7.1"},
{"eslint-utils":"1.3.1"},
{"eslint-visitor-keys":"1.0.0"},
{"espree":"5.0.1"},
{"esprima":"4.0.1"},
{"esquery":"1.0.1"},
{"esrecurse":"4.2.1"},
{"estraverse":"4.2.0"},
{"esutils":"2.0.2"},
{"etag":"1.8.1"},
{"eventemitter3":"3.1.0"},
{"eventlistener":"0.0.1"},
{"events":"1.1.1"},
{"eventsource":"0.1.6"},
{"execa":"1.0.0"},
{"execall":"1.0.0"},
{"expand-brackets":"2.1.4"},
{"expand-range":"1.8.2"},
{"explain-error":"1.0.4"},
{"express":"4.16.4"},
{"express-http-proxy":"0.11.0"},
{"extend":"3.0.2"},
{"extend-shallow":"3.0.2"},
{"external-editor":"3.0.3"},
{"extglob":"2.0.4"},
{"extract-text-webpack-plugin":"1.0.1"},
{"extsprintf":"1.3.0"},
{"fast-deep-equal":"2.0.1"},
{"fast-glob":"2.2.6"},
{"fast-json-stable-stringify":"2.0.0"},
{"fast-levenshtein":"2.0.6"},
{"fastparse":"1.1.2"},
{"faye-websocket":"0.7.3"},
{"fbjs":"0.8.17"},
{"figures":"2.0.0"},
{"file-entry-cache":"4.0.0"},
{"file-loader":"0.10.1"},
{"file-uri-to-path":"1.0.0"},
{"filename-regex":"2.0.1"},
{"filesize":"3.6.1"},
{"fill-range":"4.0.0"},
{"finalhandler":"1.1.1"},
{"find-cache-dir":"0.1.1"},
{"find-up":"1.1.2"},
{"flat-cache":"2.0.1"},
{"flatted":"2.0.0"},
{"flatten":"1.0.2"},
{"flush-write-stream":"1.1.1"},
{"fn-name":"2.0.1"},
{"follow-redirects":"1.7.0"},
{"for-in":"1.0.2"},
{"for-own":"0.1.5"},
{"forever-agent":"0.6.1"},
{"form-data":"1.0.1"},
{"formidable":"1.2.1"},
{"forwarded":"0.1.2"},
{"fragment-cache":"0.2.1"},
{"fresh":"0.5.2"},
{"from2":"2.3.0"},
{"fs-extra":"2.1.2"},
{"fs-write-stream-atomic":"1.0.10"},
{"fs.realpath":"1.0.0"},
{"ftp":"0.3.10"},
{"function-bind":"1.1.1"},
{"functional-red-black-tree":"1.0.1"},
{"g-status":"2.0.2"},
{"get-caller-file":"1.0.3"},
{"get-own-enumerable-property-symbols":"3.0.0"},
{"get-stdin":"6.0.0"},
{"get-stream":"4.1.0"},
{"get-uri":"2.0.3"},
{"get-value":"2.0.6"},
{"getpass":"0.1.7"},
{"glob":"5.0.15"},
{"glob-base":"0.3.0"},
{"glob-parent":"3.1.0"},
{"glob-to-regexp":"0.3.0"},
{"global-modules":"2.0.0"},
{"global-prefix":"3.0.0"},
{"globals":"9.18.0"},
{"globby":"8.0.2"},
{"globjoin":"0.1.4"},
{"gonzales-pe":"4.2.3"},
{"graceful-readlink":"1.0.1"},
{"growl":"1.9.2"},
{"gud":"1.0.0"},
{"gzip-size":"3.0.0"},
{"hammerjs":"2.0.8"},
{"handlebars":"4.1.0"},
{"har-schema":"1.0.5"},
{"har-validator":"4.2.1"},
{"has":"1.0.3"},
{"has-ansi":"2.0.0"},
{"has-flag":"1.0.0"},
{"has-symbols":"1.0.0"},
{"has-value":"1.0.0"},
{"has-values":"1.0.0"},
{"hawk":"3.1.3"},
{"he":"1.2.0"},
{"header-case":"1.0.1"},
{"history":"2.1.2"},
{"hoek":"2.16.3"},
{"hoist-non-react-statics":"3.3.0"},
{"home-or-tmp":"2.0.0"},
{"hosted-git-info":"2.7.1"},
{"html-comment-regex":"1.1.2"},
{"html-entities":"1.2.0"},
{"html-loader":"0.4.5"},
{"html-minifier":"3.5.21"},
{"html-tags":"2.0.0"},
{"html-webpack-plugin":"2.22.0"},
{"htmlparser2":"3.10.1"},
{"http-errors":"1.6.3"},
{"http-parser-js":"0.5.0"},
{"http-proxy":"1.17.0"},
{"http-proxy-agent":"2.1.0"},
{"http-proxy-middleware":"0.17.4"},
{"http-signature":"1.1.1"},
{"https-browserify":"0.0.1"},
{"https-proxy-agent":"2.2.1"},
{"humanize-ms":"1.2.1"},
{"husky":"1.3.1"},
{"iconv-lite":"0.4.24"},
{"icss-replace-symbols":"1.1.0"},
{"ieee754":"1.1.12"},
{"iferr":"0.1.5"},
{"ignore":"3.3.10"},
{"image-size":"0.5.5"},
{"immutable":"3.8.2"},
{"import-fresh":"2.0.0"},
{"import-lazy":"3.1.0"},
{"imurmurhash":"0.1.4"},
{"indent-string":"3.2.0"},
{"indexes-of":"1.0.1"},
{"indexof":"0.0.1"},
{"inflight":"1.0.6"},
{"inherits":"2.0.3"},
{"ini":"1.3.5"},
{"inquirer":"6.3.1"},
{"interpret":"0.6.6"},
{"invariant":"2.2.4"},
{"invert-kv":"1.0.0"},
{"ip":"1.1.5"},
{"ipaddr.js":"1.8.0"},
{"is-absolute-url":"2.1.0"},
{"is-accessor-descriptor":"0.1.6"},
{"is-ali-env":"0.1.4"},
{"is-alphabetical":"1.0.2"},
{"is-alphanumeric":"1.0.0"},
{"is-alphanumerical":"1.0.2"},
{"is-arrayish":"0.2.1"},
{"is-binary-path":"1.0.1"},
{"is-buffer":"1.1.6"},
{"is-callable":"1.1.4"},
{"is-ci":"2.0.0"},
{"is-data-descriptor":"0.1.4"},
{"is-date-object":"1.0.1"},
{"is-decimal":"1.0.2"},
{"is-descriptor":"0.1.6"},
{"is-directory":"0.3.1"},
{"is-dotfile":"1.0.3"},
{"is-equal-shallow":"0.1.3"},
{"is-extendable":"0.1.1"},
{"is-extglob":"2.1.1"},
{"is-finite":"1.0.2"},
{"is-fullwidth-code-point":"1.0.0"},
{"is-glob":"4.0.0"},
{"is-hexadecimal":"1.0.2"},
{"is-lower-case":"1.1.3"},
{"is-negative-zero":"2.0.0"},
{"is-number":"3.0.0"},
{"is-obj":"1.0.1"},
{"is-observable":"1.1.0"},
{"is-path-cwd":"1.0.0"},
{"is-path-in-cwd":"1.0.1"},
{"is-path-inside":"1.0.1"},
{"is-plain-obj":"1.1.0"},
{"is-plain-object":"2.0.4"},
{"is-posix-bracket":"0.1.1"},
{"is-primitive":"2.0.0"},
{"is-promise":"2.1.0"},
{"is-regex":"1.0.4"},
{"is-regexp":"1.0.0"},
{"is-stream":"1.1.0"},
{"is-supported-regexp-flag":"1.0.1"},
{"is-svg":"2.1.0"},
{"is-symbol":"1.0.2"},
{"is-typedarray":"1.0.0"},
{"is-upper-case":"1.1.2"},
{"is-utf8":"0.2.1"},
{"is-whitespace-character":"1.0.2"},
{"is-windows":"1.0.2"},
{"is-word-character":"1.0.2"},
{"isarray":"0.0.1"},
{"isexe":"2.0.0"},
{"ismobilejs":"0.5.1"},
{"isobject":"3.0.1"},
{"isomorphic-fetch":"2.2.1"},
{"isstream":"0.1.2"},
{"istanbul":"0.4.5"},
{"js-base64":"2.5.1"},
{"js-tokens":"4.0.0"},
{"js-yaml":"3.12.1"},
{"jsbn":"0.1.1"},
{"jsesc":"1.3.0"},
{"json-loader":"0.5.7"},
{"json-parse-better-errors":"1.0.2"},
{"json-schema":"0.2.3"},
{"json-schema-traverse":"0.4.1"},
{"json-stable-stringify":"1.0.1"},
{"json-stable-stringify-without-jsonify":"1.0.1"},
{"json-stringify-safe":"5.0.1"},
{"json2mq":"0.2.0"},
{"json3":"3.3.2"},
{"json5":"1.0.1"},
{"jsonfile":"2.4.0"},
{"jsonify":"0.0.0"},
{"jsonp":"0.2.1"},
{"jsprim":"1.4.1"},
{"jstransform":"11.0.3"},
{"jsx-ast-utils":"2.1.0"},
{"kind-of":"6.0.2"},
{"known-css-properties":"0.11.0"},
{"lazy-cache":"1.0.4"},
{"lcid":"1.0.0"},
{"less":"2.7.3"},
{"less-loader":"2.2.3"},
{"leven":"2.1.0"},
{"levn":"0.3.0"},
{"lint-staged":"8.2.1"},
{"listr":"0.14.3"},
{"listr-silent-renderer":"1.1.1"},
{"listr-update-renderer":"0.5.0"},
{"listr-verbose-renderer":"0.5.0"},
{"load-json-file":"1.1.0"},
{"loader-utils":"1.2.3"},
{"locate-path":"2.0.0"},
{"lodash":"4.17.11"},
{"lodash-es":"4.17.11"},
{"lodash._baseassign":"3.2.0"},
{"lodash._basecopy":"3.0.1"},
{"lodash._basecreate":"3.0.3"},
{"lodash._getnative":"3.9.1"},
{"lodash._isiterateecall":"3.0.9"},
{"lodash.assignin":"4.2.0"},
{"lodash.bind":"4.2.1"},
{"lodash.camelcase":"4.3.0"},
{"lodash.create":"3.1.1"},
{"lodash.debounce":"4.0.8"},
{"lodash.defaults":"4.2.0"},
{"lodash.filter":"4.6.0"},
{"lodash.flatten":"4.4.0"},
{"lodash.foreach":"4.5.0"},
{"lodash.get":"4.4.2"},
{"lodash.isarguments":"3.1.0"},
{"lodash.isarray":"3.0.4"},
{"lodash.keys":"3.1.2"},
{"lodash.map":"4.6.0"},
{"lodash.memoize":"4.1.2"},
{"lodash.merge":"4.6.1"},
{"lodash.pick":"4.4.0"},
{"lodash.pullall":"4.2.0"},
{"lodash.reduce":"4.6.0"},
{"lodash.reject":"4.6.0"},
{"lodash.some":"4.6.0"},
{"lodash.throttle":"4.1.1"},
{"lodash.uniq":"4.5.0"},
{"log-symbols":"2.2.0"},
{"log-update":"2.3.0"},
{"longest":"1.0.1"},
{"longest-streak":"2.0.2"},
{"loose-envify":"1.4.0"},
{"loud-rejection":"1.6.0"},
{"lower-case":"1.1.4"},
{"lower-case-first":"1.0.2"},
{"lru-cache":"4.1.5"},
{"make-dir":"1.3.0"},
{"map-cache":"0.2.2"},
{"map-obj":"2.0.0"},
{"map-visit":"1.0.0"},
{"markdown-escapes":"1.0.2"},
{"markdown-table":"1.1.2"},
{"matcher":"1.1.1"},
{"math-expression-evaluator":"1.2.17"},
{"math-random":"1.0.4"},
{"mathml-tag-names":"2.1.0"},
{"mdast-util-compact":"1.0.2"},
{"media-typer":"0.3.0"},
{"memory-fs":"0.4.1"},
{"meow":"5.0.0"},
{"merge-descriptors":"1.0.1"},
{"merge2":"1.2.3"},
{"methods":"1.1.2"},
{"micromatch":"3.1.10"},
{"mime":"1.6.0"},
{"mime-db":"1.38.0"},
{"mime-types":"2.1.22"},
{"mimic-fn":"1.2.0"},
{"mini-store":"1.1.2"},
{"minimatch":"3.0.4"},
{"minimist":"0.0.8"},
{"minimist-options":"3.0.2"},
{"mississippi":"2.0.0"},
{"mixin-deep":"1.3.1"},
{"mkdirp":"0.5.1"},
{"mocha":"3.5.3"},
{"moment":"2.24.0"},
{"move-concurrently":"1.0.1"},
{"ms":"2.0.0"},
{"mutationobserver-shim":"0.3.3"},
{"mute-stream":"0.0.7"},
{"mz":"2.7.0"},
{"nanomatch":"1.2.13"},
{"natural-compare":"1.4.0"},
{"ncname":"1.0.0"},
{"negotiator":"0.6.1"},
{"netmask":"1.0.6"},
{"nice-try":"1.0.5"},
{"no-case":"2.3.2"},
{"node-fetch":"1.7.3"},
{"node-libs-browser":"0.7.0"},
{"node-releases":"1.1.8"},
{"nopt":"3.0.6"},
{"normalize-package-data":"2.5.0"},
{"normalize-path":"2.1.1"},
{"normalize-range":"0.1.2"},
{"normalize-selector":"0.2.0"},
{"normalize-url":"1.9.1"},
{"npm":"6.8.0"},
{"npm-path":"2.0.4"},
{"npm-run-path":"2.0.2"},
{"npm-which":"3.0.1"},
{"nth-check":"1.0.2"},
{"num2fraction":"1.2.2"},
{"number-is-nan":"1.0.1"},
{"oauth-sign":"0.8.2"},
{"object-assign":"4.1.1"},
{"object-copy":"0.1.0"},
{"object-keys":"1.1.1"},
{"object-visit":"1.0.1"},
{"object.fromentries":"2.0.0"},
{"object.omit":"2.0.1"},
{"object.pick":"1.3.0"},
{"omit.js":"1.0.0"},
{"on-finished":"2.3.0"},
{"on-headers":"1.0.2"},
{"once":"1.4.0"},
{"onetime":"2.0.1"},
{"open":"0.0.5"},
{"opn":"4.0.2"},
{"optimist":"0.6.1"},
{"optionator":"0.8.2"},
{"original":"1.0.2"},
{"os-browserify":"0.2.1"},
{"os-homedir":"1.0.2"},
{"os-locale":"1.4.0"},
{"os-name":"1.0.3"},
{"os-tmpdir":"1.0.2"},
{"osx-release":"1.1.0"},
{"p-each-series":"1.0.0"},
{"p-finally":"1.0.0"},
{"p-limit":"1.3.0"},
{"p-locate":"2.0.0"},
{"p-map":"1.2.0"},
{"p-reduce":"1.0.0"},
{"p-try":"1.0.0"},
{"pac-proxy-agent":"2.0.2"},
{"pac-resolver":"3.0.0"},
{"pako":"0.2.9"},
{"parallel-transform":"1.1.0"},
{"param-case":"2.1.1"},
{"parent-module":"1.0.1"},
{"parse-entities":"1.2.1"},
{"parse-glob":"3.0.4"},
{"parse-json":"2.2.0"},
{"parse-json-pretty":"0.1.0"},
{"parseurl":"1.3.2"},
{"pascal-case":"2.0.1"},
{"pascalcase":"0.1.1"},
{"path-browserify":"0.0.0"},
{"path-case":"2.1.1"},
{"path-dirname":"1.0.2"},
{"path-exists":"2.1.0"},
{"path-is-absolute":"1.0.1"},
{"path-is-inside":"1.0.2"},
{"path-key":"2.0.1"},
{"path-parse":"1.0.6"},
{"path-to-regexp":"1.7.0"},
{"path-type":"3.0.0"},
{"pbkdf2-compat":"2.0.1"},
{"performance-now":"2.1.0"},
{"pify":"3.0.0"},
{"pinkie":"2.0.4"},
{"pinkie-promise":"2.0.1"},
{"pkg-dir":"1.0.0"},
{"please-upgrade-node":"3.1.1"},
{"posix-character-classes":"0.1.1"},
{"postcss":"5.2.18"},
{"postcss-calc":"5.3.1"},
{"postcss-colormin":"2.2.2"},
{"postcss-convert-values":"2.6.1"},
{"postcss-discard-comments":"2.0.4"},
{"postcss-discard-duplicates":"2.1.0"},
{"postcss-discard-empty":"2.1.0"},
{"postcss-discard-overridden":"0.1.1"},
{"postcss-discard-unused":"2.2.3"},
{"postcss-filter-plugins":"2.0.3"},
{"postcss-html":"0.36.0"},
{"postcss-jsx":"0.36.0"},
{"postcss-less":"3.1.2"},
{"postcss-load-config":"1.2.0"},
{"postcss-load-options":"1.2.0"},
{"postcss-load-plugins":"2.3.0"},
{"postcss-loader":"1.3.3"},
{"postcss-markdown":"0.36.0"},
{"postcss-media-query-parser":"0.2.3"},
{"postcss-merge-idents":"2.1.7"},
{"postcss-merge-longhand":"2.0.2"},
{"postcss-merge-rules":"2.1.2"},
{"postcss-message-helpers":"2.0.0"},
{"postcss-minify-font-values":"1.0.5"},
{"postcss-minify-gradients":"1.0.5"},
{"postcss-minify-params":"1.2.2"},
{"postcss-minify-selectors":"2.1.1"},
{"postcss-modules-extract-imports":"1.2.1"},
{"postcss-modules-local-by-default":"1.2.0"},
{"postcss-modules-scope":"1.1.0"},
{"postcss-modules-values":"1.3.0"},
{"postcss-normalize-charset":"1.1.1"},
{"postcss-normalize-url":"3.0.8"},
{"postcss-ordered-values":"2.2.3"},
{"postcss-reduce-idents":"2.4.0"},
{"postcss-reduce-initial":"1.0.1"},
{"postcss-reduce-transforms":"1.0.4"},
{"postcss-reporter":"6.0.1"},
{"postcss-resolve-nested-selector":"0.1.1"},
{"postcss-safe-parser":"4.0.1"},
{"postcss-sass":"0.3.5"},
{"postcss-scss":"2.0.0"},
{"postcss-selector-parser":"2.2.3"},
{"postcss-svgo":"2.1.6"},
{"postcss-syntax":"0.36.2"},
{"postcss-unique-selectors":"2.0.2"},
{"postcss-value-parser":"3.3.1"},
{"postcss-zindex":"2.2.0"},
{"prelude-ls":"1.1.2"},
{"prepend-http":"1.0.4"},
{"preserve":"0.2.0"},
{"prettier":"1.18.2"},
{"pretty-error":"2.1.1"},
{"private":"0.1.8"},
{"process":"0.11.10"},
{"process-nextick-args":"2.0.0"},
{"progress":"2.0.3"},
{"promise":"7.3.1"},
{"promise-inflight":"1.0.1"},
{"promise-polyfill":"6.1.0"},
{"prop-types":"15.7.2"},
{"property-expr":"1.5.1"},
{"proxy-addr":"2.0.4"},
{"proxy-agent":"2.3.1"},
{"proxy-from-env":"1.0.0"},
{"prr":"1.0.1"},
{"pseudomap":"1.0.2"},
{"pump":"3.0.0"},
{"pumpify":"1.5.1"},
{"punycode":"1.4.1"},
{"q":"1.5.1"},
{"qs":"6.6.0"},
{"query-string":"3.0.3"},
{"querystring":"0.2.0"},
{"querystring-es3":"0.2.1"},
{"querystringify":"2.1.0"},
{"quick-lru":"1.1.0"},
{"raf":"3.4.1"},
{"randomatic":"3.1.1"},
{"range-parser":"1.2.0"},
{"raw-body":"2.3.3"},
{"rc-align":"2.4.5"},
{"rc-animate":"2.6.0"},
{"rc-calendar":"9.10.10"},
{"rc-cascader":"0.17.1"},
{"rc-checkbox":"2.1.6"},
{"rc-collapse":"1.10.3"},
{"rc-dialog":"7.3.0"},
{"rc-drawer":"1.7.7"},
{"rc-dropdown":"2.4.1"},
{"rc-editor-core":"0.8.8"},
{"rc-editor-mention":"1.1.12"},
{"rc-form":"2.4.2"},
{"rc-hammerjs":"0.6.9"},
{"rc-input-number":"4.3.9"},
{"rc-menu":"7.4.21"},
{"rc-notification":"3.3.1"},
{"rc-pagination":"1.17.8"},
{"rc-progress":"2.3.0"},
{"rc-queue-anim":"1.6.11"},
{"rc-rate":"2.5.0"},
{"rc-select":"8.8.3"},
{"rc-slider":"8.6.6"},
{"rc-steps":"3.3.1"},
{"rc-switch":"1.9.0"},
{"rc-table":"6.4.3"},
{"rc-tabs":"9.6.0"},
{"rc-time-picker":"3.6.2"},
{"rc-tooltip":"3.7.3"},
{"rc-tree":"1.14.9"},
{"rc-tree-select":"2.5.4"},
{"rc-trigger":"2.6.2"},
{"rc-tween-one":"2.3.3"},
{"rc-upload":"2.6.2"},
{"rc-util":"4.6.0"},
{"react":"15.6.2"},
{"react-codemirror2":"5.1.0"},
{"react-dev-utils":"0.5.2"},
{"react-dom":"15.6.2"},
{"react-is":"16.8.3"},
{"react-lazy-load":"3.0.13"},
{"react-lifecycles-compat":"3.0.4"},
{"react-redux":"5.1.1"},
{"react-router":"2.8.1"},
{"react-router-redux":"4.0.8"},
{"react-slick":"0.23.2"},
{"read-pkg":"1.1.0"},
{"read-pkg-up":"1.0.1"},
{"readable-stream":"2.3.6"},
{"readdirp":"2.2.1"},
{"readline-sync":"1.4.9"},
{"recast":"0.11.23"},
{"recursive-readdir":"2.2.2"},
{"redent":"2.0.0"},
{"reduce-css-calc":"1.3.0"},
{"reduce-function-call":"1.0.2"},
{"redux":"3.7.2"},
{"redux-thunk":"2.3.0"},
{"regenerate":"1.4.0"},
{"regenerator-runtime":"0.11.1"},
{"regenerator-transform":"0.10.1"},
{"regex-cache":"0.4.4"},
{"regex-not":"1.0.2"},
{"regexpp":"2.0.1"},
{"regexpu-core":"2.0.0"},
{"regjsgen":"0.2.0"},
{"regjsparser":"0.1.5"},
{"relateurl":"0.2.7"},
{"remark":"10.0.1"},
{"remark-parse":"6.0.3"},
{"remark-stringify":"6.0.4"},
{"remove-trailing-separator":"1.1.0"},
{"renderkid":"2.0.3"},
{"repeat-element":"1.1.3"},
{"repeat-string":"1.6.1"},
{"repeating":"2.0.1"},
{"replace-ext":"1.0.0"},
{"request":"2.81.0"},
{"require-directory":"2.1.1"},
{"require-from-string":"1.2.1"},
{"require-main-filename":"1.0.1"},
{"requires-port":"1.0.0"},
{"resize-observer-polyfill":"1.5.1"},
{"resolve":"1.1.7"},
{"resolve-from":"4.0.0"},
{"resolve-url":"0.2.1"},
{"restore-cursor":"2.0.0"},
{"ret":"0.1.15"},
{"right-align":"0.1.3"},
{"rimraf":"2.6.3"},
{"ripemd160":"0.2.0"},
{"rmc-feedback":"2.0.0"},
{"run-async":"2.3.0"},
{"run-node":"1.0.0"},
{"run-queue":"1.0.3"},
{"rxjs":"6.5.2"},
{"safe-buffer":"5.1.2"},
{"safe-regex":"1.1.0"},
{"safer-buffer":"2.1.2"},
{"sax":"1.2.4"},
{"semver":"5.6.0"},
{"semver-compare":"1.0.0"},
{"send":"0.16.2"},
{"sentence-case":"2.1.1"},
{"serialize-javascript":"1.6.1"},
{"serve-index":"1.9.1"},
{"serve-static":"1.13.2"},
{"set-blocking":"2.0.0"},
{"set-value":"2.0.0"},
{"setimmediate":"1.0.5"},
{"setprototypeof":"1.1.0"},
{"sha.js":"2.2.6"},
{"sha256":"0.2.0"},
{"shallow-equal":"1.1.0"},
{"shallowequal":"1.1.0"},
{"shebang-command":"1.2.0"},
{"shebang-regex":"1.0.0"},
{"signal-exit":"3.0.2"},
{"simple-git":"1.115.0"},
{"size-sensor":"0.2.4"},
{"slash":"1.0.0"},
{"slice-ansi":"2.1.0"},
{"smart-buffer":"1.1.15"},
{"snake-case":"2.1.0"},
{"snapdragon":"0.8.2"},
{"snapdragon-node":"2.1.1"},
{"snapdragon-util":"3.0.1"},
{"sniffr":"1.1.4"},
{"sntp":"1.0.9"},
{"sockjs":"0.3.19"},
{"sockjs-client":"1.0.1"},
{"socks":"1.1.10"},
{"socks-proxy-agent":"3.0.1"},
{"sort-keys":"1.1.2"},
{"source-list-map":"0.1.8"},
{"source-map":"0.6.1"},
{"source-map-resolve":"0.5.2"},
{"source-map-support":"0.5.10"},
{"source-map-url":"0.4.0"},
{"spdx-correct":"3.1.0"},
{"spdx-exceptions":"2.2.0"},
{"spdx-expression-parse":"3.0.0"},
{"spdx-license-ids":"3.0.3"},
{"specificity":"0.4.1"},
{"split-string":"3.1.0"},
{"sprintf-js":"1.0.3"},
{"sshpk":"1.16.1"},
{"ssri":"5.3.0"},
{"staged-git-files":"1.1.2"},
{"state-toggle":"1.0.1"},
{"static-extend":"0.1.2"},
{"statuses":"1.5.0"},
{"stream-browserify":"2.0.2"},
{"stream-cache":"0.0.2"},
{"stream-each":"1.2.3"},
{"stream-http":"2.8.3"},
{"stream-shift":"1.0.0"},
{"strict-uri-encode":"1.1.0"},
{"string-argv":"0.0.2"},
{"string-convert":"0.2.1"},
{"string-width":"1.0.2"},
{"string_decoder":"1.1.1"},
{"stringify-entities":"1.3.2"},
{"stringify-object":"3.3.0"},
{"stringstream":"0.0.6"},
{"strip-ansi":"4.0.0"},
{"strip-bom":"2.0.0"},
{"strip-eof":"1.0.0"},
{"strip-indent":"2.0.0"},
{"strip-json-comments":"2.0.1"},
{"style-loader":"0.16.1"},
{"style-search":"0.1.0"},
{"style-utils":"0.2.0"},
{"stylelint":"9.10.1"},
{"sugarss":"2.0.0"},
{"superagent":"3.8.3"},
{"supports-color":"5.5.0"},
{"svg-sprite-loader":"0.3.1"},
{"svg-tags":"1.0.0"},
{"svgo":"0.7.2"},
{"swap-case":"1.1.2"},
{"symbol-observable":"1.2.0"},
{"synchronous-promise":"2.0.9"},
{"system-bell-webpack-plugin":"1.0.0"},
{"table":"5.2.3"},
{"tapable":"0.2.9"},
{"text-table":"0.2.0"},
{"thenify":"3.3.0"},
{"thenify-all":"1.6.0"},
{"through":"2.3.8"},
{"through2":"2.0.5"},
{"thunkify":"2.1.2"},
{"time-stamp":"2.2.0"},
{"timers-browserify":"2.0.10"},
{"tinycolor2":"1.4.1"},
{"title-case":"2.1.1"},
{"tmp":"0.0.33"},
{"to-arraybuffer":"1.0.1"},
{"to-fast-properties":"1.0.3"},
{"to-object-path":"0.3.0"},
{"to-regex":"3.0.2"},
{"to-regex-range":"2.1.1"},
{"toposort":"1.0.7"},
{"tough-cookie":"2.3.4"},
{"trim":"0.0.1"},
{"trim-newlines":"2.0.0"},
{"trim-right":"1.0.1"},
{"trim-trailing-lines":"1.1.1"},
{"trough":"1.0.3"},
{"tslib":"1.10.0"},
{"tty-browserify":"0.0.0"},
{"tunnel-agent":"0.6.0"},
{"tween-functions":"1.2.0"},
{"tweetnacl":"0.14.5"},
{"type-check":"0.3.2"},
{"type-is":"1.6.16"},
{"typedarray":"0.0.6"},
{"typescript":"2.9.2"},
{"ua-parser-js":"0.7.19"},
{"uglify-js":"3.4.9"},
{"uglify-to-browserify":"1.0.2"},
{"unescape":"1.0.1"},
{"unherit":"1.1.1"},
{"unified":"7.1.0"},
{"union-value":"1.0.0"},
{"uniq":"1.0.1"},
{"uniqs":"2.0.0"},
{"unique-filename":"1.1.1"},
{"unique-slug":"2.0.1"},
{"unist-util-find-all-after":"1.0.2"},
{"unist-util-is":"2.1.2"},
{"unist-util-remove-position":"1.1.2"},
{"unist-util-stringify-position":"1.1.2"},
{"unist-util-visit":"1.4.0"},
{"unist-util-visit-parents":"2.0.1"},
{"unpipe":"1.0.0"},
{"unset-value":"1.0.0"},
{"update-reminder":"1.0.10"},
{"upper-case":"1.1.3"},
{"upper-case-first":"1.1.2"},
{"uri-js":"4.2.2"},
{"urix":"0.1.0"},
{"url":"0.11.0"},
{"url-loader":"0.5.9"},
{"url-parse":"1.4.4"},
{"urllib":"2.33.0"},
{"use":"3.1.1"},
{"util":"0.10.4"},
{"util-deprecate":"1.0.2"},
{"utila":"0.4.0"},
{"utility":"1.15.0"},
{"utils-merge":"1.0.1"},
{"validate-npm-package-license":"3.0.4"},
{"vary":"1.1.2"},
{"vendors":"1.0.2"},
{"verror":"1.10.0"},
{"vfile":"3.0.1"},
{"vfile-location":"2.0.4"},
{"vfile-message":"1.1.1"},
{"vm-browserify":"0.0.4"},
{"warning":"4.0.3"},
{"watchpack":"0.2.9"},
{"webpack":"1.15.0"},
{"webpack-chunk-hash":"0.4.0"},
{"webpack-core":"0.6.9"},
{"webpack-dev-middleware":"1.12.2"},
{"webpack-dev-server":"1.16.5"},
{"webpack-sources":"0.1.5"},
{"webpack-visualizer-plugin":"0.1.11"},
{"websocket-driver":"0.7.0"},
{"websocket-extensions":"0.1.3"},
{"whatwg-fetch":"3.0.0"},
{"whet.extend":"0.9.9"},
{"which":"1.3.1"},
{"which-module":"1.0.0"},
{"win-release":"1.1.1"},
{"window-size":"0.1.0"},
{"wordwrap":"1.0.0"},
{"wrap-ansi":"2.1.0"},
{"wrappy":"1.0.2"},
{"write":"1.0.3"},
{"x-is-string":"0.1.0"},
{"xml-char-classes":"1.0.0"},
{"xregexp":"2.0.0"},
{"xtend":"4.0.1"},
{"y18n":"4.0.0"},
{"yallist":"2.1.2"},
{"yargs":"7.1.0"},
{"yargs-parser":"5.0.0"},
{"yup":"0.27.0"},
{"zrender":"4.0.7"},
